Determining if the pthread_create exist failed with the following output:
Change Dir: /home/thinkpad/catkin_ws/build/CMakeFiles/CMakeTmp

Run Build Command:"/usr/bin/make" "cmTC_96818/fast"
/usr/bin/make -f CMakeFiles/cmTC_96818.dir/build.make CMakeFiles/cmTC_96818.dir/build
make[1]: Entering directory '/home/thinkpad/catkin_ws/build/CMakeFiles/CMakeTmp'
Building C object CMakeFiles/cmTC_96818.dir/CheckSymbolExists.c.o
/usr/bin/cc     -o CMakeFiles/cmTC_96818.dir/CheckSymbolExists.c.o   -c /home/thinkpad/catkin_ws/build/CMakeFiles/CMakeTmp/CheckSymbolExists.c
Linking C executable cmTC_96818
/usr/bin/cmake -E cmake_link_script CMakeFiles/cmTC_96818.dir/link.txt --verbose=1
/usr/bin/cc       CMakeFiles/cmTC_96818.dir/CheckSymbolExists.c.o  -o cmTC_96818 -rdynamic 
CMakeFiles/cmTC_96818.dir/CheckSymbolExists.c.o: In function `main':
CheckSymbolExists.c:(.text+0x16): undefined reference to `pthread_create'
collect2: error: ld returned 1 exit status
CMakeFiles/cmTC_96818.dir/build.make:97: recipe for target 'cmTC_96818' failed
make[1]: *** [cmTC_96818] Error 1
make[1]: Leaving directory '/home/thinkpad/catkin_ws/build/CMakeFiles/CMakeTmp'
Makefile:126: recipe for target 'cmTC_96818/fast' failed
make: *** [cmTC_96818/fast] Error 2

File /home/thinkpad/catkin_ws/build/CMakeFiles/CMakeTmp/CheckSymbolExists.c:
/* */
#include <pthread.h>

int main(int argc, char** argv)
{
  (void)argv;
#ifndef pthread_create
  return ((int*)(&pthread_create))[argc];
#else
  (void)argc;
  return 0;
#endif
}

Determining if the function pthread_create exists in the pthreads failed with the following output:
Change Dir: /home/thinkpad/catkin_ws/build/CMakeFiles/CMakeTmp

Run Build Command:"/usr/bin/make" "cmTC_f32fb/fast"
/usr/bin/make -f CMakeFiles/cmTC_f32fb.dir/build.make CMakeFiles/cmTC_f32fb.dir/build
make[1]: Entering directory '/home/thinkpad/catkin_ws/build/CMakeFiles/CMakeTmp'
Building C object CMakeFiles/cmTC_f32fb.dir/CheckFunctionExists.c.o
/usr/bin/cc    -DCHECK_FUNCTION_EXISTS=pthread_create   -o CMakeFiles/cmTC_f32fb.dir/CheckFunctionExists.c.o   -c /usr/share/cmake-3.5/Modules/CheckFunctionExists.c
Linking C executable cmTC_f32fb
/usr/bin/cmake -E cmake_link_script CMakeFiles/cmTC_f32fb.dir/link.txt --verbose=1
/usr/bin/cc   -DCHECK_FUNCTION_EXISTS=pthread_create    CMakeFiles/cmTC_f32fb.dir/CheckFunctionExists.c.o  -o cmTC_f32fb -rdynamic -lpthreads 
/usr/bin/ld: cannot find -lpthreads
collect2: error: ld returned 1 exit status
CMakeFiles/cmTC_f32fb.dir/build.make:97: recipe for target 'cmTC_f32fb' failed
make[1]: *** [cmTC_f32fb] Error 1
make[1]: Leaving directory '/home/thinkpad/catkin_ws/build/CMakeFiles/CMakeTmp'
Makefile:126: recipe for target 'cmTC_f32fb/fast' failed
make: *** [cmTC_f32fb/fast] Error 2


